<?xml version="1.0" encoding="UTF-8"?>
<!-- Generated by org.testng.reporters.JUnitXMLReporter -->
<testsuite ignored="0" hostname="DESKTOP-1KU98G1" failures="0" tests="5" name="chromeTest" time="48.278" errors="0" timestamp="2022-08-07T16:14:28 IST">
  <testcase classname="com.saucedemo.testclasses.TC001_VerifyLoginFunctionality" name="loginfunctionality" time="0.546"/>
  <testcase classname="com.saucedemo.testclasses.TC003_VerifySingleProdCartFunctionality" name="singleitemaddtocart" time="0.959"/>
  <testcase classname="com.saucedemo.testclasses.TC004_VerifyAllProdCartFunctionality" name="allproducts" time="1.713"/>
  <testcase classname="com.saucedemo.testclasses.TC005_VerifyDropDownFunctionality" name="filterbutton" time="3.43"/>
  <testcase classname="com.saucedemo.testclasses.TC002_VerifyLogoutFunctionality" name="logoutfunctionalit" time="4.251"/>
</testsuite> <!-- chromeTest -->
