<?xml version="1.0" encoding="UTF-8"?>
<!-- Generated by org.testng.reporters.JUnitXMLReporter -->
<testsuite ignored="0" hostname="DESKTOP-1KU98G1" failures="0" tests="5" name="FireFoxTest" time="141.956" errors="0" timestamp="2022-08-07T16:13:39 IST">
  <testcase classname="com.saucedemo.testclasses.TC001_VerifyLoginFunctionality" name="loginfunctionality" time="0.013"/>
  <testcase classname="com.saucedemo.testclasses.TC002_VerifyLogoutFunctionality" name="logoutfunctionalit" time="6.068"/>
  <testcase classname="com.saucedemo.testclasses.TC003_VerifySingleProdCartFunctionality" name="singleitemaddtocart" time="7.642"/>
  <testcase classname="com.saucedemo.testclasses.TC005_VerifyDropDownFunctionality" name="filterbutton" time="11.267"/>
  <testcase classname="com.saucedemo.testclasses.TC004_VerifyAllProdCartFunctionality" name="allproducts" time="11.822"/>
</testsuite> <!-- FireFoxTest -->
