<?xml version="1.0" encoding="UTF-8"?>
<!-- Generated by org.testng.reporters.JUnitXMLReporter -->
<testsuite ignored="0" hostname="DESKTOP-1KU98G1" failures="0" tests="5" name="Test" time="106.573" errors="0" timestamp="2022-08-07T15:04:17 IST">
  <testcase classname="com.saucedemo.testclasses.TC001_VerifyLoginFunctionality" name="loginfunctionality" time="0.317"/>
  <testcase classname="com.saucedemo.testclasses.TC003_VerifySingleProdCartFunctionality" name="singleitemaddtocart" time="3.104"/>
  <testcase classname="com.saucedemo.testclasses.TC004_VerifyAllProdCartFunctionality" name="allproducts" time="4.554"/>
  <testcase classname="com.saucedemo.testclasses.TC002_VerifyLogoutFunctionality" name="logoutfunctionalit" time="5.741"/>
  <testcase classname="com.saucedemo.testclasses.TC005_VerifyDropDownFunctionality" name="filterbutton" time="6.271"/>
</testsuite> <!-- Test -->
